android/app/build/intermediates/manifest_merge_blame_file/debug/manifest-merger-blame-debug-report.txt
1<?xml version="1.0" encoding="utf-8"?>
2<manifest xmlns:android="http://schemas.android.com/apk/res/android"
3    package="com.phondialer"
4    android:versionCode="1"
5    android:versionName="1.0" >
6
7    <uses-sdk
8        android:minSdkVersion="16"
9        android:targetSdkVersion="29" />
10
11    <uses-permission android:name="android.permission.SYSTEM_ALERT_WINDOW" />
11-->src/debug/AndroidManifest.xml:5:5-77
11-->src/debug/AndroidManifest.xml:5:22-75
12    <uses-permission android:name="android.permission.INTERNET" />
12-->src/main/AndroidManifest.xml:4:5-67
12-->src/main/AndroidManifest.xml:4:22-64
13    <uses-permission android:name="android.permission.WRITE_CONTACTS" />
13-->src/main/AndroidManifest.xml:5:1-69
13-->src/main/AndroidManifest.xml:5:18-66
14    <uses-permission android:name="android.permission.READ_CONTACTS" />
14-->src/main/AndroidManifest.xml:6:1-68
14-->src/main/AndroidManifest.xml:6:18-65
15    <uses-permission android:name="android.permission.CAMERA" />
15-->src/main/AndroidManifest.xml:7:1-60
15-->src/main/AndroidManifest.xml:7:18-58
16    <uses-permission android:name="android.permission.WRITE_EXTERNAL_STORAGE" />
16-->src/main/AndroidManifest.xml:8:1-76
16-->src/main/AndroidManifest.xml:8:18-74
17    <uses-permission android:name="android.permission.ACCESS_WIFI_STATE" />
17-->[com.facebook.flipper:flipper:0.54.0] AndroidManifest.xml:16:5-76
17-->[com.facebook.flipper:flipper:0.54.0] AndroidManifest.xml:16:22-73
18
19    <application
19-->src/main/AndroidManifest.xml:11:5-30:19
20        android:name="com.phondialer.MainApplication"
20-->src/main/AndroidManifest.xml:12:7-38
21        android:allowBackup="false"
21-->src/main/AndroidManifest.xml:16:7-34
22        android:appComponentFactory="androidx.core.app.CoreComponentFactory"
22-->[androidx.core:core:1.1.0] AndroidManifest.xml:24:18-86
23        android:debuggable="true"
24        android:icon="@mipmap/ic_launcher"
24-->src/main/AndroidManifest.xml:14:7-41
25        android:label="@string/app_name"
25-->src/main/AndroidManifest.xml:13:7-39
26        android:roundIcon="@mipmap/ic_launcher_round"
26-->src/main/AndroidManifest.xml:15:7-52
27        android:theme="@style/AppTheme"
27-->src/main/AndroidManifest.xml:17:7-38
28        android:usesCleartextTraffic="true" >
28-->src/debug/AndroidManifest.xml:7:18-53
29        <activity
29-->src/main/AndroidManifest.xml:18:7-28:18
30            android:name="com.phondialer.MainActivity"
30-->src/main/AndroidManifest.xml:19:9-37
31            android:configChanges="keyboard|keyboardHidden|orientation|screenSize|uiMode"
31-->src/main/AndroidManifest.xml:21:9-86
32            android:label="@string/app_name"
32-->src/main/AndroidManifest.xml:20:9-41
33            android:launchMode="singleTask"
33-->src/main/AndroidManifest.xml:22:9-40
34            android:windowSoftInputMode="adjustResize" >
34-->src/main/AndroidManifest.xml:23:9-51
35            <intent-filter>
35-->src/main/AndroidManifest.xml:24:9-27:25
36                <action android:name="android.intent.action.MAIN" />
36-->src/main/AndroidManifest.xml:25:13-65
36-->src/main/AndroidManifest.xml:25:21-62
37
38                <category android:name="android.intent.category.LAUNCHER" />
38-->src/main/AndroidManifest.xml:26:13-73
38-->src/main/AndroidManifest.xml:26:23-70
39            </intent-filter>
40        </activity>
41        <activity android:name="com.facebook.react.devsupport.DevSettingsActivity" />
41-->src/main/AndroidManifest.xml:29:7-84
41-->src/main/AndroidManifest.xml:29:17-81
42
43        <provider
43-->[:react-native-image-picker] AndroidManifest.xml:10:9-18:20
44            android:name="com.imagepicker.FileProvider"
44-->[:react-native-image-picker] AndroidManifest.xml:11:13-56
45            android:authorities="com.phondialer.provider"
45-->[:react-native-image-picker] AndroidManifest.xml:12:13-60
46            android:exported="false"
46-->[:react-native-image-picker] AndroidManifest.xml:13:13-37
47            android:grantUriPermissions="true" >
47-->[:react-native-image-picker] AndroidManifest.xml:14:13-47
48            <meta-data
48-->[:react-native-image-picker] AndroidManifest.xml:15:13-17:58
49                android:name="android.support.FILE_PROVIDER_PATHS"
49-->[:react-native-image-picker] AndroidManifest.xml:16:17-67
50                android:resource="@xml/provider_paths" />
50-->[:react-native-image-picker] AndroidManifest.xml:17:17-55
51        </provider>
52    </application>
53
54</manifest>